Arguments: 
  /usr/local/bin/node /usr/local/bin/yarn test

PATH: 
  /Users/cristian.dean/.rvm/gems/ruby-2.3.1/bin:/Users/cristian.dean/.rvm/gems/ruby-2.3.1@global/bin:/Users/cristian.dean/.rvm/rubies/ruby-2.3.1/bin:/usr/local/mysql/bin:/usr/bin:/bin:/usr/sbin:/sbin:/usr/local/bin:/usr/local/go/bin:/Applications/Visual Studio Code.app/Contents/Resources/app/bin:/Users/cristian.dean/go/bin:/Users/cristian.dean/.rvm/bin:/Users/cristian.dean/.rvm/bin

Yarn version: 
  1.5.1

Node version: 
  8.9.4

Platform: 
  darwin x64

npm manifest: 
  {
    "name": "dojo",
    "version": "1.0.0",
    "description": "",
    "main": "index.js",
    "dependencies": {},
    "devDependencies": {
      "mocha": "^5.2.0"
    },
    "scripts": {
      "test": "mocha"
    },
    "author": "Globo.com",
    "license": "ISC"
  }

yarn manifest: 
  No manifest

Lockfile: 
  No lockfile

Trace: 
  Error: Command failed.
  Exit code: 1
  Command: sh
  Arguments: -c mocha
  Directory: /Users/cristian.dean/projects/dojo/2019_02_26
  Output:
  
      at ProcessTermError.MessageError (/usr/local/lib/node_modules/yarn/lib/cli.js:186:110)
      at new ProcessTermError (/usr/local/lib/node_modules/yarn/lib/cli.js:226:113)
      at ChildProcess.<anonymous> (/usr/local/lib/node_modules/yarn/lib/cli.js:30281:17)
      at emitTwo (events.js:126:13)
      at ChildProcess.emit (events.js:214:7)
      at maybeClose (internal/child_process.js:925:16)
      at Process.ChildProcess._handle.onexit (internal/child_process.js:209:5)
