Arguments: 
  /usr/local/bin/node /usr/local/bin/yarn test

PATH: 
  /Users/cristian.dean/.rvm/gems/ruby-2.3.1/bin:/Users/cristian.dean/.rvm/gems/ruby-2.3.1@global/bin:/Users/cristian.dean/.rvm/rubies/ruby-2.3.1/bin:/usr/local/mysql/bin:/usr/bin:/bin:/usr/sbin:/sbin:/usr/local/bin:/usr/local/go/bin:/Users/cristian.dean/go/bin:/Applications/Visual Studio Code.app/Contents/Resources/app/bin:/Users/cristian.dean/.rvm/bin

Yarn version: 
  1.5.1

Node version: 
  8.9.4

Platform: 
  darwin x64

npm manifest: 
  {
    "name": "dojo",
    "version": "1.0.0",
    "description": "",
    "main": "index.js",
    "dependencies": {},
    "devDependencies": {
      "mocha": "^5.2.0"
    },
    "scripts": {
      "test": "mocha"
    },
    "author": "Globo.com",
    "license": "ISC"
  }

yarn manifest: 
  No manifest

Lockfile: 
  # THIS IS AN AUTOGENERATED FILE. DO NOT EDIT THIS FILE DIRECTLY.
  # yarn lockfile v1
  
  
  balanced-match@^1.0.0:
    version "1.0.0"
    resolved "https://artifactory.globoi.com/artifactory/api/npm/npm-repos/balanced-match/-/balanced-match-1.0.0.tgz#89b4d199ab2bee49de164ea02b89ce462d71b767"
    integrity sha1-ibTRmasr7kneFk6gK4nORi1xt2c=
  
  brace-expansion@^1.1.7:
    version "1.1.11"
    resolved "https://artifactory.globoi.com/artifactory/api/npm/npm-repos/brace-expansion/-/brace-expansion-1.1.11.tgz#3c7fcbf529d87226f3d2f52b966ff5271eb441dd"
    integrity sha1-PH/L9SnYcibz0vUrlm/1Jx60Qd0=
    dependencies:
      balanced-match "^1.0.0"
      concat-map "0.0.1"
  
  browser-stdout@1.3.1:
    version "1.3.1"
    resolved "https://artifactory.globoi.com/artifactory/api/npm/npm-repos/browser-stdout/-/browser-stdout-1.3.1.tgz#baa559ee14ced73452229bad7326467c61fabd60"
    integrity sha1-uqVZ7hTO1zRSIputcyZGfGH6vWA=
  
  commander@2.15.1:
    version "2.15.1"
    resolved "https://artifactory.globoi.com/artifactory/api/npm/npm-repos/commander/-/commander-2.15.1.tgz#df46e867d0fc2aec66a34662b406a9ccafff5b0f"
    integrity sha1-30boZ9D8Kuxmo0ZitAapzK//Ww8=
  
  concat-map@0.0.1:
    version "0.0.1"
    resolved "https://artifactory.globoi.com/artifactory/api/npm/npm-repos/concat-map/-/concat-map-0.0.1.tgz#d8a96bd77fd68df7793a73036a3ba0d5405d477b"
    integrity sha1-2Klr13/Wjfd5OnMDajug1UBdR3s=
  
  debug@3.1.0:
    version "3.1.0"
    resolved "https://artifactory.globoi.com/artifactory/api/npm/npm-repos/debug/-/debug-3.1.0.tgz#5bb5a0672628b64149566ba16819e61518c67261"
    integrity sha1-W7WgZyYotkFJVmuhaBnmFRjGcmE=
    dependencies:
      ms "2.0.0"
  
  diff@3.5.0:
    version "3.5.0"
    resolved "https://artifactory.globoi.com/artifactory/api/npm/npm-repos/diff/-/diff-3.5.0.tgz#800c0dd1e0a8bfbc95835c202ad220fe317e5a12"
    integrity sha1-gAwN0eCov7yVg1wgKtIg/jF+WhI=
  
  escape-string-regexp@1.0.5:
    version "1.0.5"
    resolved "https://artifactory.globoi.com/artifactory/api/npm/npm-repos/escape-string-regexp/-/escape-string-regexp-1.0.5.tgz#1b61c0562190a8dff6ae3bb2cf0200ca130b86d4"
    integrity sha1-G2HAViGQqN/2rjuyzwIAyhMLhtQ=
  
  fs.realpath@^1.0.0:
    version "1.0.0"
    resolved "https://artifactory.globoi.com/artifactory/api/npm/npm-repos/fs.realpath/-/fs.realpath-1.0.0.tgz#1504ad2523158caa40db4a2787cb01411994ea4f"
    integrity sha1-FQStJSMVjKpA20onh8sBQRmU6k8=
  
  glob@7.1.2:
    version "7.1.2"
    resolved "https://artifactory.globoi.com/artifactory/api/npm/npm-repos/glob/-/glob-7.1.2.tgz#c19c9df9a028702d678612384a6552404c636d15"
    integrity sha1-wZyd+aAocC1nhhI4SmVSQExjbRU=
    dependencies:
      fs.realpath "^1.0.0"
      inflight "^1.0.4"
      inherits "2"
      minimatch "^3.0.4"
      once "^1.3.0"
      path-is-absolute "^1.0.0"
  
  growl@1.10.5:
    version "1.10.5"
    resolved "https://artifactory.globoi.com/artifactory/api/npm/npm-repos/growl/-/growl-1.10.5.tgz#f2735dc2283674fa67478b10181059355c369e5e"
    integrity sha1-8nNdwig2dPpnR4sQGBBZNVw2nl4=
  
  has-flag@^3.0.0:
    version "3.0.0"
    resolved "https://artifactory.globoi.com/artifactory/api/npm/npm-repos/has-flag/-/has-flag-3.0.0.tgz#b5d454dc2199ae225699f3467e5a07f3b955bafd"
    integrity sha1-tdRU3CGZriJWmfNGfloH87lVuv0=
  
  he@1.1.1:
    version "1.1.1"
    resolved "https://artifactory.globoi.com/artifactory/api/npm/npm-repos/he/-/he-1.1.1.tgz#93410fd21b009735151f8868c2f271f3427e23fd"
    integrity sha1-k0EP0hsAlzUVH4howvJx80J+I/0=
  
  inflight@^1.0.4:
    version "1.0.6"
    resolved "https://artifactory.globoi.com/artifactory/api/npm/npm-repos/inflight/-/inflight-1.0.6.tgz#49bd6331d7d02d0c09bc910a1075ba8165b56df9"
    integrity sha1-Sb1jMdfQLQwJvJEKEHW6gWW1bfk=
    dependencies:
      once "^1.3.0"
      wrappy "1"
  
  inherits@2:
    version "2.0.3"
    resolved "https://artifactory.globoi.com/artifactory/api/npm/npm-repos/inherits/-/inherits-2.0.3.tgz#633c2c83e3da42a502f52466022480f4208261de"
    integrity sha1-Yzwsg+PaQqUC9SRmAiSA9CCCYd4=
  
  minimatch@3.0.4, minimatch@^3.0.4:
    version "3.0.4"
    resolved "https://artifactory.globoi.com/artifactory/api/npm/npm-repos/minimatch/-/minimatch-3.0.4.tgz#5166e286457f03306064be5497e8dbb0c3d32083"
    integrity sha1-UWbihkV/AzBgZL5Ul+jbsMPTIIM=
    dependencies:
      brace-expansion "^1.1.7"
  
  minimist@0.0.8:
    version "0.0.8"
    resolved "https://artifactory.globoi.com/artifactory/api/npm/npm-repos/minimist/-/minimist-0.0.8.tgz#857fcabfc3397d2625b8228262e86aa7a011b05d"
    integrity sha1-hX/Kv8M5fSYluCKCYuhqp6ARsF0=
  
  mkdirp@0.5.1:
    version "0.5.1"
    resolved "https://artifactory.globoi.com/artifactory/api/npm/npm-repos/mkdirp/-/mkdirp-0.5.1.tgz#30057438eac6cf7f8c4767f38648d6697d75c903"
    integrity sha1-MAV0OOrGz3+MR2fzhkjWaX11yQM=
    dependencies:
      minimist "0.0.8"
  
  mocha@^5.2.0:
    version "5.2.0"
    resolved "https://artifactory.globoi.com/artifactory/api/npm/npm-repos/mocha/-/mocha-5.2.0.tgz#6d8ae508f59167f940f2b5b3c4a612ae50c90ae6"
    integrity sha1-bYrlCPWRZ/lA8rWzxKYSrlDJCuY=
    dependencies:
      browser-stdout "1.3.1"
      commander "2.15.1"
      debug "3.1.0"
      diff "3.5.0"
      escape-string-regexp "1.0.5"
      glob "7.1.2"
      growl "1.10.5"
      he "1.1.1"
      minimatch "3.0.4"
      mkdirp "0.5.1"
      supports-color "5.4.0"
  
  ms@2.0.0:
    version "2.0.0"
    resolved "https://artifactory.globoi.com/artifactory/api/npm/npm-repos/ms/-/ms-2.0.0.tgz#5608aeadfc00be6c2901df5f9861788de0d597c8"
    integrity sha1-VgiurfwAvmwpAd9fmGF4jeDVl8g=
  
  once@^1.3.0:
    version "1.4.0"
    resolved "https://artifactory.globoi.com/artifactory/api/npm/npm-repos/once/-/once-1.4.0.tgz#583b1aa775961d4b113ac17d9c50baef9dd76bd1"
    integrity sha1-WDsap3WWHUsROsF9nFC6753Xa9E=
    dependencies:
      wrappy "1"
  
  path-is-absolute@^1.0.0:
    version "1.0.1"
    resolved "https://artifactory.globoi.com/artifactory/api/npm/npm-repos/path-is-absolute/-/path-is-absolute-1.0.1.tgz#174b9268735534ffbc7ace6bf53a5a9e1b5c5f5f"
    integrity sha1-F0uSaHNVNP+8es5r9TpanhtcX18=
  
  supports-color@5.4.0:
    version "5.4.0"
    resolved "https://artifactory.globoi.com/artifactory/api/npm/npm-repos/supports-color/-/supports-color-5.4.0.tgz#1c6b337402c2137605efe19f10fec390f6faab54"
    integrity sha1-HGszdALCE3YF7+GfEP7DkPb6q1Q=
    dependencies:
      has-flag "^3.0.0"
  
  wrappy@1:
    version "1.0.2"
    resolved "https://artifactory.globoi.com/artifactory/api/npm/npm-repos/wrappy/-/wrappy-1.0.2.tgz#b5243d8f3ec1aa35f1364605bc0d1036e30ab69f"
    integrity sha1-tSQ9jz7BqjXxNkYFvA0QNuMKtp8=

Trace: 
  Error: Command failed.
  Exit code: 4
  Command: sh
  Arguments: -c mocha
  Directory: /Users/cristian.dean/projects/dojo/2019_05_15
  Output:
  
      at ProcessTermError.MessageError (/usr/local/lib/node_modules/yarn/lib/cli.js:186:110)
      at new ProcessTermError (/usr/local/lib/node_modules/yarn/lib/cli.js:226:113)
      at ChildProcess.<anonymous> (/usr/local/lib/node_modules/yarn/lib/cli.js:30281:17)
      at emitTwo (events.js:126:13)
      at ChildProcess.emit (events.js:214:7)
      at maybeClose (internal/child_process.js:925:16)
      at Process.ChildProcess._handle.onexit (internal/child_process.js:209:5)
